<?xml version="1.0" encoding="UTF-8"?>
<testng-results ignored="0" total="1" passed="1" failed="0" skipped="0">
  <reporter-output>
  </reporter-output>
  <suite started-at="2025-06-05T22:03:40 COT" name="Default suite" finished-at="2025-06-05T22:04:09 COT" duration-ms="29444">
    <groups>
    </groups>
    <test started-at="2025-06-05T22:03:40 COT" name="Default test" finished-at="2025-06-05T22:04:09 COT" duration-ms="29444">
      <class name="com.demoblaze.automation.tests.CompraE2ETestNG">
        <test-method is-config="true" signature="setUp()[pri:0, instance:com.demoblaze.automation.tests.CompraE2ETestNG@7dc0f706]" started-at="2025-06-05T22:03:40 COT" name="setUp" finished-at="2025-06-05T22:03:43 COT" duration-ms="2947" status="PASS">
          <reporter-output>
          </reporter-output>
        </test-method> <!-- setUp -->
        <test-method signature="testCompraE2E()[pri:0, instance:com.demoblaze.automation.tests.CompraE2ETestNG@7dc0f706]" started-at="2025-06-05T22:03:43 COT" name="testCompraE2E" finished-at="2025-06-05T22:04:08 COT" duration-ms="25833" status="PASS">
          <reporter-output>
          </reporter-output>
        </test-method> <!-- testCompraE2E -->
        <test-method is-config="true" signature="tearDown()[pri:0, instance:com.demoblaze.automation.tests.CompraE2ETestNG@7dc0f706]" started-at="2025-06-05T22:04:08 COT" name="tearDown" finished-at="2025-06-05T22:04:09 COT" duration-ms="613" status="PASS">
          <reporter-output>
          </reporter-output>
        </test-method> <!-- tearDown -->
      </class> <!-- com.demoblaze.automation.tests.CompraE2ETestNG -->
    </test> <!-- Default test -->
  </suite> <!-- Default suite -->
</testng-results>
